<?xml version="1.0" encoding="UTF-8"?>
<robot generator="Robot 4.1.3 (Python 3.7.5 on win32)" generated="20220319 15:18:56.794" rpa="true" schemaversion="2">
<suite id="s1" name="Tasks" source="e:\Internshala\1-Xorion Technologies Pvt Ltd., Nagpur\Projects\Desktop_Automation_Calculator_Using_Robocorp\tasks.robot">
<test id="s1-t1" name="Minimal task">
<kw name="Calculator">
<arg>5555</arg>
<arg>8888888</arg>
<kw name="Open Executable" library="RPA.Desktop.Windows">
<arg>calc.exe</arg>
<arg>Calculator</arg>
<doc>Open Windows executable. Window title name is required
to get handle on the application.</doc>
<msg timestamp="20220319 15:18:57.522" level="INFO">Opening executable: calc.exe - window: Calculator</msg>
<msg timestamp="20220319 15:18:57.549" level="INFO">Open dialog: 'Calculator'</msg>
<msg timestamp="20220319 15:18:58.217" level="INFO">Connect to application handle: 919274</msg>
<status status="PASS" starttime="20220319 15:18:57.522" endtime="20220319 15:18:58.554"/>
</kw>
<kw name="Split String To Characters" library="String">
<var>${first_char}</var>
<arg>${first_number}</arg>
<doc>Splits the given ``string`` to characters.</doc>
<msg timestamp="20220319 15:18:58.554" level="INFO">${first_char} = ['5', '5', '5', '5']</msg>
<status status="PASS" starttime="20220319 15:18:58.554" endtime="20220319 15:18:58.554"/>
</kw>
<for flavor="IN">
<var>${i}</var>
<value>@{first_char}</value>
<iter>
<var name="${i}">5</var>
<kw name="Mouse Click" library="RPA.Desktop.Windows">
<arg>id:num${i}Button</arg>
<doc>Mouse click `locator`, `coordinates`, or `image`</doc>
<msg timestamp="20220319 15:18:58.554" level="INFO">Mouse click: id:num5Button</msg>
<msg timestamp="20220319 15:18:58.554" level="INFO">Click type 'click' at (1496, 643)</msg>
<status status="PASS" starttime="20220319 15:18:58.554" endtime="20220319 15:18:58.858"/>
</kw>
<status status="PASS" starttime="20220319 15:18:58.554" endtime="20220319 15:18:58.858"/>
</iter>
<iter>
<var name="${i}">5</var>
<kw name="Mouse Click" library="RPA.Desktop.Windows">
<arg>id:num${i}Button</arg>
<doc>Mouse click `locator`, `coordinates`, or `image`</doc>
<msg timestamp="20220319 15:18:58.858" level="INFO">Mouse click: id:num5Button</msg>
<msg timestamp="20220319 15:18:58.858" level="INFO">Click type 'click' at (1496, 643)</msg>
<status status="PASS" starttime="20220319 15:18:58.858" endtime="20220319 15:18:59.361"/>
</kw>
<status status="PASS" starttime="20220319 15:18:58.858" endtime="20220319 15:18:59.361"/>
</iter>
<iter>
<var name="${i}">5</var>
<kw name="Mouse Click" library="RPA.Desktop.Windows">
<arg>id:num${i}Button</arg>
<doc>Mouse click `locator`, `coordinates`, or `image`</doc>
<msg timestamp="20220319 15:18:59.361" level="INFO">Mouse click: id:num5Button</msg>
<msg timestamp="20220319 15:18:59.361" level="INFO">Click type 'click' at (1496, 643)</msg>
<status status="PASS" starttime="20220319 15:18:59.361" endtime="20220319 15:18:59.970"/>
</kw>
<status status="PASS" starttime="20220319 15:18:59.361" endtime="20220319 15:18:59.970"/>
</iter>
<iter>
<var name="${i}">5</var>
<kw name="Mouse Click" library="RPA.Desktop.Windows">
<arg>id:num${i}Button</arg>
<doc>Mouse click `locator`, `coordinates`, or `image`</doc>
<msg timestamp="20220319 15:18:59.970" level="INFO">Mouse click: id:num5Button</msg>
<msg timestamp="20220319 15:18:59.970" level="INFO">Click type 'click' at (1496, 643)</msg>
<status status="PASS" starttime="20220319 15:18:59.970" endtime="20220319 15:19:00.554"/>
</kw>
<status status="PASS" starttime="20220319 15:18:59.970" endtime="20220319 15:19:00.554"/>
</iter>
<status status="PASS" starttime="20220319 15:18:58.554" endtime="20220319 15:19:00.554"/>
</for>
<kw name="Mouse Click" library="RPA.Desktop.Windows">
<arg>id:plusButton</arg>
<doc>Mouse click `locator`, `coordinates`, or `image`</doc>
<msg timestamp="20220319 15:19:00.554" level="INFO">Mouse click: id:plusButton</msg>
<msg timestamp="20220319 15:19:00.554" level="INFO">Click type 'click' at (1731, 724)</msg>
<status status="PASS" starttime="20220319 15:19:00.554" endtime="20220319 15:19:01.154"/>
</kw>
<kw name="Split String To Characters" library="String">
<var>${second_char}</var>
<arg>${second_number}</arg>
<doc>Splits the given ``string`` to characters.</doc>
<msg timestamp="20220319 15:19:01.154" level="INFO">${second_char} = ['8', '8', '8', '8', '8', '8', '8']</msg>
<status status="PASS" starttime="20220319 15:19:01.154" endtime="20220319 15:19:01.154"/>
</kw>
<for flavor="IN">
<var>${i}</var>
<value>@{second_char}</value>
<iter>
<var name="${i}">8</var>
<kw name="Mouse Click" library="RPA.Desktop.Windows">
<arg>id:num${i}Button</arg>
<doc>Mouse click `locator`, `coordinates`, or `image`</doc>
<msg timestamp="20220319 15:19:01.154" level="INFO">Mouse click: id:num8Button</msg>
<msg timestamp="20220319 15:19:01.154" level="INFO">Click type 'click' at (1496, 562)</msg>
<status status="PASS" starttime="20220319 15:19:01.154" endtime="20220319 15:19:01.755"/>
</kw>
<status status="PASS" starttime="20220319 15:19:01.154" endtime="20220319 15:19:01.755"/>
</iter>
<iter>
<var name="${i}">8</var>
<kw name="Mouse Click" library="RPA.Desktop.Windows">
<arg>id:num${i}Button</arg>
<doc>Mouse click `locator`, `coordinates`, or `image`</doc>
<msg timestamp="20220319 15:19:01.755" level="INFO">Mouse click: id:num8Button</msg>
<msg timestamp="20220319 15:19:01.755" level="INFO">Click type 'click' at (1496, 562)</msg>
<status status="PASS" starttime="20220319 15:19:01.755" endtime="20220319 15:19:02.354"/>
</kw>
<status status="PASS" starttime="20220319 15:19:01.755" endtime="20220319 15:19:02.354"/>
</iter>
<iter>
<var name="${i}">8</var>
<kw name="Mouse Click" library="RPA.Desktop.Windows">
<arg>id:num${i}Button</arg>
<doc>Mouse click `locator`, `coordinates`, or `image`</doc>
<msg timestamp="20220319 15:19:02.354" level="INFO">Mouse click: id:num8Button</msg>
<msg timestamp="20220319 15:19:02.354" level="INFO">Click type 'click' at (1496, 562)</msg>
<status status="PASS" starttime="20220319 15:19:02.354" endtime="20220319 15:19:02.962"/>
</kw>
<status status="PASS" starttime="20220319 15:19:02.354" endtime="20220319 15:19:02.962"/>
</iter>
<iter>
<var name="${i}">8</var>
<kw name="Mouse Click" library="RPA.Desktop.Windows">
<arg>id:num${i}Button</arg>
<doc>Mouse click `locator`, `coordinates`, or `image`</doc>
<msg timestamp="20220319 15:19:02.962" level="INFO">Mouse click: id:num8Button</msg>
<msg timestamp="20220319 15:19:02.962" level="INFO">Click type 'click' at (1496, 562)</msg>
<status status="PASS" starttime="20220319 15:19:02.962" endtime="20220319 15:19:03.546"/>
</kw>
<status status="PASS" starttime="20220319 15:19:02.962" endtime="20220319 15:19:03.547"/>
</iter>
<iter>
<var name="${i}">8</var>
<kw name="Mouse Click" library="RPA.Desktop.Windows">
<arg>id:num${i}Button</arg>
<doc>Mouse click `locator`, `coordinates`, or `image`</doc>
<msg timestamp="20220319 15:19:03.547" level="INFO">Mouse click: id:num8Button</msg>
<msg timestamp="20220319 15:19:03.547" level="INFO">Click type 'click' at (1496, 562)</msg>
<status status="PASS" starttime="20220319 15:19:03.547" endtime="20220319 15:19:04.055"/>
</kw>
<status status="PASS" starttime="20220319 15:19:03.547" endtime="20220319 15:19:04.055"/>
</iter>
<iter>
<var name="${i}">8</var>
<kw name="Mouse Click" library="RPA.Desktop.Windows">
<arg>id:num${i}Button</arg>
<doc>Mouse click `locator`, `coordinates`, or `image`</doc>
<msg timestamp="20220319 15:19:04.055" level="INFO">Mouse click: id:num8Button</msg>
<msg timestamp="20220319 15:19:04.055" level="INFO">Click type 'click' at (1496, 562)</msg>
<status status="PASS" starttime="20220319 15:19:04.055" endtime="20220319 15:19:04.670"/>
</kw>
<status status="PASS" starttime="20220319 15:19:04.055" endtime="20220319 15:19:04.670"/>
</iter>
<iter>
<var name="${i}">8</var>
<kw name="Mouse Click" library="RPA.Desktop.Windows">
<arg>id:num${i}Button</arg>
<doc>Mouse click `locator`, `coordinates`, or `image`</doc>
<msg timestamp="20220319 15:19:04.670" level="INFO">Mouse click: id:num8Button</msg>
<msg timestamp="20220319 15:19:04.670" level="INFO">Click type 'click' at (1496, 562)</msg>
<status status="PASS" starttime="20220319 15:19:04.670" endtime="20220319 15:19:05.261"/>
</kw>
<status status="PASS" starttime="20220319 15:19:04.670" endtime="20220319 15:19:05.261"/>
</iter>
<status status="PASS" starttime="20220319 15:19:01.154" endtime="20220319 15:19:05.261"/>
</for>
<kw name="Mouse Click" library="RPA.Desktop.Windows">
<arg>id:equalButton</arg>
<doc>Mouse click `locator`, `coordinates`, or `image`</doc>
<msg timestamp="20220319 15:19:05.261" level="INFO">Mouse click: id:equalButton</msg>
<msg timestamp="20220319 15:19:05.261" level="INFO">Click type 'click' at (1731, 806)</msg>
<status status="PASS" starttime="20220319 15:19:05.261" endtime="20220319 15:19:05.868"/>
</kw>
<kw name="Get Text" library="RPA.Desktop.Windows">
<var>${result}</var>
<arg>id:CalculatorResults</arg>
<doc>Get text from element</doc>
<msg timestamp="20220319 15:19:05.876" level="INFO">${result} = {'value': None, 'children_texts': '', 'rich_text': 'Display is 0', 'legacy_value': '', 'legacy_name': 'Display is 88,94,443'}</msg>
<status status="PASS" starttime="20220319 15:19:05.868" endtime="20220319 15:19:05.876"/>
</kw>
<kw name="Get Regexp Matches" library="String">
<var>${data}</var>
<arg>${result['legacy_name']}</arg>
<arg>(?&lt;=Display is ).*</arg>
<doc>Returns a list of all non-overlapping matches in the given string.</doc>
<msg timestamp="20220319 15:19:05.876" level="INFO">${data} = ['88,94,443']</msg>
<status status="PASS" starttime="20220319 15:19:05.876" endtime="20220319 15:19:05.876"/>
</kw>
<kw name="Notebook Print" library="RPA.core.notebook">
<arg>${data[0]}</arg>
<doc>Display IPython Markdown object in the notebook</doc>
<status status="PASS" starttime="20220319 15:19:05.876" endtime="20220319 15:19:05.876"/>
</kw>
<kw name="Quit Application" library="RPA.Desktop.Windows">
<doc>Quit an application by application id or
active application if `app_id` is None.</doc>
<msg timestamp="20220319 15:19:05.876" level="INFO">Quit application: None ({'app': &lt;pywinauto.application.Application object at 0x000001C52D65AF88&gt;, 'id': 1, 'dialog': False, 'process_id': 15748, 'handle': 919274, 'dispatched': False, 'windowtitle': 'Calculator', 'executable': 'calc.exe', 'startkeyword': 'Open Executable'})</msg>
<msg timestamp="20220319 15:19:06.421" level="INFO">Quit by killing process id</msg>
<status status="PASS" starttime="20220319 15:19:05.876" endtime="20220319 15:19:06.426"/>
</kw>
<status status="PASS" starttime="20220319 15:18:57.522" endtime="20220319 15:19:06.426"/>
</kw>
<status status="PASS" starttime="20220319 15:18:57.521" endtime="20220319 15:19:06.426"/>
</test>
<doc>Template robot main suite.</doc>
<status status="PASS" starttime="20220319 15:18:56.794" endtime="20220319 15:19:06.428"/>
</suite>
<statistics>
<total>
<stat pass="1" fail="0" skip="0">All Tasks</stat>
</total>
<tag>
</tag>
<suite>
<stat pass="1" fail="0" skip="0" id="s1" name="Tasks">Tasks</stat>
</suite>
</statistics>
<errors>
</errors>
</robot>
